2025-10-15 16:39:51,675 [INFO] ๐ ะะฐัะธะฝะฐะตะผ ัะฑะพั ะดะฐะฝะฝัั ั hh.ru ะดะปั ะพัะปะฐะดะบะธ...
2025-10-15 16:39:51,676 [ERROR] โ ะะต ะฝะฐะนะดะตะฝ HH_ACCESS_TOKEN ะฒ ะฟะตัะตะผะตะฝะฝัั ะพะบััะถะตะฝะธั
2025-10-15 16:39:55,220 [ERROR] โ ะัะธะฑะบะฐ ะฟัะธ ะฟะพะปััะตะฝะธะธ ะฐะบัะธะฒะฝัั ะฒะฐะบะฐะฝัะธะน: 403 Client Error: Forbidden for url: https://api.hh.ru/employers/2688361/vacancies/active?all_accessible=true
2025-10-15 16:39:55,221 [WARNING] โ๏ธ ะะฐะบะฐะฝัะธะธ ะฝะต ะฝะฐะนะดะตะฝั. ะัะพะฒะตัั ัะพะบะตะฝ hh.ru.
2025-10-15 16:50:13,596 [INFO] ๐ ะะฐัะธะฝะฐะตะผ ัะฑะพั ะดะฐะฝะฝัั ั hh.ru ะดะปั ะพัะปะฐะดะบะธ...
2025-10-15 16:50:13,600 [INFO] ๐ HH_ACCESS_TOKEN ะทะฐะณััะถะตะฝ ะธะท tokens.json
2025-10-15 16:50:14,268 [INFO] ๐ ะะพะปััะตะฝะพ 6 ะฐะบัะธะฒะฝัั ะฒะฐะบะฐะฝัะธะน ะดะปั ัะฐะฑะพัะพะดะฐัะตะปั 2688361
2025-10-15 16:50:14,269 [INFO] ๐ ะะฐะบะฐะฝัะธั: ะัะบะพะฒะพะดะธัะตะปั ะพัะดะตะปะฐ ะฟัะพะดะฐะถ ะฒ ะธะฝัะตัะฝะตั-ะผะฐะณะฐะทะธะฝ (125476476)
2025-10-15 16:50:14,837 [INFO] ๐ ะะปั ะฒะฐะบะฐะฝัะธะธ 125476476 ะฝะฐะนะดะตะฝะพ 12 ะบะพะปะปะตะบัะธะน
2025-10-15 16:50:14,838 [INFO] ๐ ะะพะปะปะตะบัะธั: ะัะต ะฝะตัะฐะทะพะฑัะฐะฝะฝัะต (response)
2025-10-15 16:50:15,692 [INFO] ๐ฌ ะ ะบะพะปะปะตะบัะธะธ response โ 9 ะพัะบะปะธะบะพะฒ
2025-10-15 16:50:15,692 [INFO] ๐ ะะพะปะปะตะบัะธั: ะะพะดัะผะฐัั (consider)
2025-10-15 16:50:16,554 [INFO] ๐ฌ ะ ะบะพะปะปะตะบัะธะธ consider โ 5 ะพัะบะปะธะบะพะฒ
2025-10-15 16:50:16,555 [INFO] ๐ ะะพะปะปะตะบัะธั: ะะตัะฒะธัะฝัะน ะบะพะฝัะฐะบั (phone_interview)
2025-10-15 16:50:17,690 [INFO] ๐ฌ ะ ะบะพะปะปะตะบัะธะธ phone_interview โ 20 ะพัะบะปะธะบะพะฒ
2025-10-15 16:50:17,691 [INFO] ๐ ะะพะปะปะตะบัะธั: ะขะตััะพะฒะพะต ะทะฐะดะฐะฝะธะต (assessment)
2025-10-15 16:50:18,255 [INFO] ๐ฌ ะ ะบะพะปะปะตะบัะธะธ assessment โ 0 ะพัะบะปะธะบะพะฒ
2025-10-15 16:50:18,257 [INFO] ๐ ะะพะปะปะตะบัะธั: ะกะพะฑะตัะตะดะพะฒะฐะฝะธะต (interview)
2025-10-15 16:50:19,037 [INFO] ๐ฌ ะ ะบะพะปะปะตะบัะธะธ interview โ 1 ะพัะบะปะธะบะพะฒ
2025-10-15 16:50:19,038 [INFO] ๐ ะะพะปะปะตะบัะธั: ะัะตะดะปะพะถะตะฝะธะต ะพ ัะฐะฑะพัะต (offer)
2025-10-15 16:50:19,621 [INFO] ๐ฌ ะ ะบะพะปะปะตะบัะธะธ offer โ 0 ะพัะบะปะธะบะพะฒ
2025-10-15 16:50:19,622 [INFO] ๐ ะะพะปะปะตะบัะธั: ะััะพะด ะฝะฐ ัะฐะฑะพัั (hired)
2025-10-15 16:50:20,122 [INFO] ๐ฌ ะ ะบะพะปะปะตะบัะธะธ hired โ 0 ะพัะบะปะธะบะพะฒ
2025-10-15 16:50:20,123 [INFO] ๐ ะะพะปะปะตะบัะธั: ะะตยะฟะพะดัะพะดะธั (discard_by_employer)
2025-10-15 16:50:21,351 [INFO] ๐ฌ ะ ะบะพะปะปะตะบัะธะธ discard_by_employer โ 20 ะพัะบะปะธะบะพะฒ
2025-10-15 16:50:21,351 [INFO] ๐ ะะพะปะปะตะบัะธั: ะะฐะฝะดะธะดะฐั ะพัะบะฐะทะฐะปัั (discard_by_applicant)
2025-10-15 16:50:21,939 [INFO] ๐ฌ ะ ะบะพะปะปะตะบัะธะธ discard_by_applicant โ 0 ะพัะบะปะธะบะพะฒ
2025-10-15 16:50:21,939 [INFO] ๐ ะะพะปะปะตะบัะธั: ะะตยะฒััะพะดะธั ะฝะฐยัะฒัะทั (discard_no_interaction)
2025-10-15 16:50:22,525 [INFO] ๐ฌ ะ ะบะพะปะปะตะบัะธะธ discard_no_interaction โ 0 ะพัะบะปะธะบะพะฒ
2025-10-15 16:50:22,526 [INFO] ๐ ะะพะปะปะตะบัะธั: ะะฐะบะฐะฝัะธั ะทะฐะบัััะฐ (discard_vacancy_closed)
2025-10-15 16:50:23,108 [INFO] ๐ฌ ะ ะบะพะปะปะตะบัะธะธ discard_vacancy_closed โ 0 ะพัะบะปะธะบะพะฒ
2025-10-15 16:50:23,109 [INFO] ๐ ะะพะปะปะตะบัะธั: ะะตัะตะฒะพะด ะฝะฐยะดั. ะฒะฐะบะฐะฝัะธั (discard_to_other_vacancy)
2025-10-15 16:50:23,657 [INFO] ๐ฌ ะ ะบะพะปะปะตะบัะธะธ discard_to_other_vacancy โ 0 ะพัะบะปะธะบะพะฒ
2025-10-15 16:50:23,658 [INFO] ๐ ะะฐะบะฐะฝัะธั: ะะตะฝะตะดะถะตั ะฟะพ ะฟัะพะดะฐะถะฐะผ ะฒ ะธะฝัะตัะฝะตั-ะผะฐะณะฐะทะธะฝ (125682671)
2025-10-15 16:50:24,196 [INFO] ๐ ะะปั ะฒะฐะบะฐะฝัะธะธ 125682671 ะฝะฐะนะดะตะฝะพ 12 ะบะพะปะปะตะบัะธะน
2025-10-15 16:50:24,197 [INFO] ๐ ะะพะปะปะตะบัะธั: ะัะต ะฝะตัะฐะทะพะฑัะฐะฝะฝัะต (response)
2025-10-15 16:50:25,099 [INFO] ๐ฌ ะ ะบะพะปะปะตะบัะธะธ response โ 5 ะพัะบะปะธะบะพะฒ
2025-10-15 16:50:25,100 [INFO] ๐ ะะพะปะปะตะบัะธั: ะะพะดัะผะฐัั (consider)
2025-10-15 16:50:26,408 [INFO] ๐ฌ ะ ะบะพะปะปะตะบัะธะธ consider โ 20 ะพัะบะปะธะบะพะฒ
2025-10-15 16:50:26,410 [INFO] ๐ ะะพะปะปะตะบัะธั: ะะตัะฒะธัะฝัะน ะบะพะฝัะฐะบั (phone_interview)
2025-10-15 16:50:27,585 [INFO] ๐ฌ ะ ะบะพะปะปะตะบัะธะธ phone_interview โ 20 ะพัะบะปะธะบะพะฒ
2025-10-15 16:50:27,586 [INFO] ๐ ะะพะปะปะตะบัะธั: ะขะตััะพะฒะพะต ะทะฐะดะฐะฝะธะต (assessment)
2025-10-15 16:50:28,191 [INFO] ๐ฌ ะ ะบะพะปะปะตะบัะธะธ assessment โ 0 ะพัะบะปะธะบะพะฒ
2025-10-15 16:50:28,191 [INFO] ๐ ะะพะปะปะตะบัะธั: ะกะพะฑะตัะตะดะพะฒะฐะฝะธะต (interview)
2025-10-15 16:50:28,802 [INFO] ๐ฌ ะ ะบะพะปะปะตะบัะธะธ interview โ 0 ะพัะบะปะธะบะพะฒ
2025-10-15 16:50:28,804 [INFO] ๐ ะะพะปะปะตะบัะธั: ะัะตะดะปะพะถะตะฝะธะต ะพ ัะฐะฑะพัะต (offer)
2025-10-15 16:50:29,524 [INFO] ๐ฌ ะ ะบะพะปะปะตะบัะธะธ offer โ 0 ะพัะบะปะธะบะพะฒ
2025-10-15 16:50:29,526 [INFO] ๐ ะะพะปะปะตะบัะธั: ะััะพะด ะฝะฐ ัะฐะฑะพัั (hired)
2025-10-15 16:50:30,106 [INFO] ๐ฌ ะ ะบะพะปะปะตะบัะธะธ hired โ 0 ะพัะบะปะธะบะพะฒ
2025-10-15 16:50:30,107 [INFO] ๐ ะะพะปะปะตะบัะธั: ะะตยะฟะพะดัะพะดะธั (discard_by_employer)
2025-10-15 16:50:31,286 [INFO] ๐ฌ ะ ะบะพะปะปะตะบัะธะธ discard_by_employer โ 20 ะพัะบะปะธะบะพะฒ
2025-10-15 16:50:31,287 [INFO] ๐ ะะพะปะปะตะบัะธั: ะะฐะฝะดะธะดะฐั ะพัะบะฐะทะฐะปัั (discard_by_applicant)
2025-10-15 16:50:31,875 [INFO] ๐ฌ ะ ะบะพะปะปะตะบัะธะธ discard_by_applicant โ 0 ะพัะบะปะธะบะพะฒ
2025-10-15 16:50:31,876 [INFO] ๐ ะะพะปะปะตะบัะธั: ะะตยะฒััะพะดะธั ะฝะฐยัะฒัะทั (discard_no_interaction)
2025-10-15 16:50:32,473 [INFO] ๐ฌ ะ ะบะพะปะปะตะบัะธะธ discard_no_interaction โ 0 ะพัะบะปะธะบะพะฒ
2025-10-15 16:50:32,474 [INFO] ๐ ะะพะปะปะตะบัะธั: ะะฐะบะฐะฝัะธั ะทะฐะบัััะฐ (discard_vacancy_closed)
2025-10-15 16:50:33,078 [INFO] ๐ฌ ะ ะบะพะปะปะตะบัะธะธ discard_vacancy_closed โ 0 ะพัะบะปะธะบะพะฒ
2025-10-15 16:50:33,080 [INFO] ๐ ะะพะปะปะตะบัะธั: ะะตัะตะฒะพะด ะฝะฐยะดั. ะฒะฐะบะฐะฝัะธั (discard_to_other_vacancy)
2025-10-15 16:50:33,592 [INFO] ๐ฌ ะ ะบะพะปะปะตะบัะธะธ discard_to_other_vacancy โ 0 ะพัะบะปะธะบะพะฒ
2025-10-15 16:50:33,594 [INFO] ๐ ะะฐะบะฐะฝัะธั: ะะตะฝะตะดะถะตั ะฟะพ ะฟัะพะดะฐะถะฐะผ (125751461)
2025-10-15 16:50:34,190 [INFO] ๐ ะะปั ะฒะฐะบะฐะฝัะธะธ 125751461 ะฝะฐะนะดะตะฝะพ 12 ะบะพะปะปะตะบัะธะน
2025-10-15 16:50:34,191 [INFO] ๐ ะะพะปะปะตะบัะธั: ะัะต ะฝะตัะฐะทะพะฑัะฐะฝะฝัะต (response)
2025-10-15 16:50:34,781 [INFO] ๐ฌ ะ ะบะพะปะปะตะบัะธะธ response โ 0 ะพัะบะปะธะบะพะฒ
2025-10-15 16:50:34,782 [INFO] ๐ ะะพะปะปะตะบัะธั: ะะพะดัะผะฐัั (consider)
2025-10-15 16:50:36,051 [INFO] ๐ฌ ะ ะบะพะปะปะตะบัะธะธ consider โ 8 ะพัะบะปะธะบะพะฒ
2025-10-15 16:50:36,051 [INFO] ๐ ะะพะปะปะตะบัะธั: ะะตัะฒะธัะฝัะน ะบะพะฝัะฐะบั (phone_interview)
2025-10-15 16:50:37,190 [INFO] ๐ฌ ะ ะบะพะปะปะตะบัะธะธ phone_interview โ 20 ะพัะบะปะธะบะพะฒ
2025-10-15 16:50:37,191 [INFO] ๐ ะะพะปะปะตะบัะธั: ะขะตััะพะฒะพะต ะทะฐะดะฐะฝะธะต (assessment)
2025-10-15 16:50:37,951 [INFO] ๐ฌ ะ ะบะพะปะปะตะบัะธะธ assessment โ 0 ะพัะบะปะธะบะพะฒ
2025-10-15 16:50:37,952 [INFO] ๐ ะะพะปะปะตะบัะธั: ะกะพะฑะตัะตะดะพะฒะฐะฝะธะต (interview)
2025-10-15 16:50:39,129 [INFO] ๐ฌ ะ ะบะพะปะปะตะบัะธะธ interview โ 16 ะพัะบะปะธะบะพะฒ
2025-10-15 16:50:39,131 [INFO] ๐ ะะพะปะปะตะบัะธั: ะัะตะดะปะพะถะตะฝะธะต ะพ ัะฐะฑะพัะต (offer)
2025-10-15 16:50:39,671 [INFO] ๐ฌ ะ ะบะพะปะปะตะบัะธะธ offer โ 0 ะพัะบะปะธะบะพะฒ
2025-10-15 16:50:39,672 [INFO] ๐ ะะพะปะปะตะบัะธั: ะััะพะด ะฝะฐ ัะฐะฑะพัั (hired)
2025-10-15 16:50:40,273 [INFO] ๐ฌ ะ ะบะพะปะปะตะบัะธะธ hired โ 0 ะพัะบะปะธะบะพะฒ
2025-10-15 16:50:40,274 [INFO] ๐ ะะพะปะปะตะบัะธั: ะะตยะฟะพะดัะพะดะธั (discard_by_employer)
2025-10-15 16:50:41,419 [INFO] ๐ฌ ะ ะบะพะปะปะตะบัะธะธ discard_by_employer โ 20 ะพัะบะปะธะบะพะฒ
2025-10-15 16:50:41,420 [INFO] ๐ ะะพะปะปะตะบัะธั: ะะฐะฝะดะธะดะฐั ะพัะบะฐะทะฐะปัั (discard_by_applicant)
2025-10-15 16:50:42,663 [INFO] ๐ฌ ะ ะบะพะปะปะตะบัะธะธ discard_by_applicant โ 20 ะพัะบะปะธะบะพะฒ
2025-10-15 16:50:42,663 [INFO] ๐ ะะพะปะปะตะบัะธั: ะะตยะฒััะพะดะธั ะฝะฐยัะฒัะทั (discard_no_interaction)
2025-10-15 16:50:43,647 [INFO] ๐ฌ ะ ะบะพะปะปะตะบัะธะธ discard_no_interaction โ 11 ะพัะบะปะธะบะพะฒ
2025-10-15 16:50:43,648 [INFO] ๐ ะะพะปะปะตะบัะธั: ะะฐะบะฐะฝัะธั ะทะฐะบัััะฐ (discard_vacancy_closed)
2025-10-15 16:50:44,323 [INFO] ๐ฌ ะ ะบะพะปะปะตะบัะธะธ discard_vacancy_closed โ 0 ะพัะบะปะธะบะพะฒ
2025-10-15 16:50:44,324 [INFO] ๐ ะะพะปะปะตะบัะธั: ะะตัะตะฒะพะด ะฝะฐยะดั. ะฒะฐะบะฐะฝัะธั (discard_to_other_vacancy)
2025-10-15 16:50:45,123 [INFO] ๐ฌ ะ ะบะพะปะปะตะบัะธะธ discard_to_other_vacancy โ 0 ะพัะบะปะธะบะพะฒ
2025-10-15 16:50:45,125 [INFO] ๐ ะะฐะบะฐะฝัะธั: ะะตะบัััะตั (125941804)
2025-10-15 16:50:45,981 [INFO] ๐ ะะปั ะฒะฐะบะฐะฝัะธะธ 125941804 ะฝะฐะนะดะตะฝะพ 12 ะบะพะปะปะตะบัะธะน
2025-10-15 16:50:45,983 [INFO] ๐ ะะพะปะปะตะบัะธั: ะัะต ะฝะตัะฐะทะพะฑัะฐะฝะฝัะต (response)
2025-10-15 16:50:46,839 [INFO] ๐ฌ ะ ะบะพะปะปะตะบัะธะธ response โ 6 ะพัะบะปะธะบะพะฒ
2025-10-15 16:50:46,840 [INFO] ๐ ะะพะปะปะตะบัะธั: ะะพะดัะผะฐัั (consider)
2025-10-15 16:50:48,299 [INFO] ๐ฌ ะ ะบะพะปะปะตะบัะธะธ consider โ 20 ะพัะบะปะธะบะพะฒ
2025-10-15 16:50:48,301 [INFO] ๐ ะะพะปะปะตะบัะธั: ะะตัะฒะธัะฝัะน ะบะพะฝัะฐะบั (phone_interview)
2025-10-15 16:50:49,547 [INFO] ๐ฌ ะ ะบะพะปะปะตะบัะธะธ phone_interview โ 20 ะพัะบะปะธะบะพะฒ
2025-10-15 16:50:49,548 [INFO] ๐ ะะพะปะปะตะบัะธั: ะขะตััะพะฒะพะต ะทะฐะดะฐะฝะธะต (assessment)
2025-10-15 16:50:50,096 [INFO] ๐ฌ ะ ะบะพะปะปะตะบัะธะธ assessment โ 0 ะพัะบะปะธะบะพะฒ
2025-10-15 16:50:50,097 [INFO] ๐ ะะพะปะปะตะบัะธั: ะกะพะฑะตัะตะดะพะฒะฐะฝะธะต (interview)
2025-10-15 16:50:50,714 [INFO] ๐ฌ ะ ะบะพะปะปะตะบัะธะธ interview โ 0 ะพัะบะปะธะบะพะฒ
2025-10-15 16:50:50,715 [INFO] ๐ ะะพะปะปะตะบัะธั: ะัะตะดะปะพะถะตะฝะธะต ะพ ัะฐะฑะพัะต (offer)
2025-10-15 16:50:51,287 [INFO] ๐ฌ ะ ะบะพะปะปะตะบัะธะธ offer โ 0 ะพัะบะปะธะบะพะฒ
2025-10-15 16:50:51,288 [INFO] ๐ ะะพะปะปะตะบัะธั: ะััะพะด ะฝะฐ ัะฐะฑะพัั (hired)
2025-10-15 16:50:51,816 [INFO] ๐ฌ ะ ะบะพะปะปะตะบัะธะธ hired โ 0 ะพัะบะปะธะบะพะฒ
2025-10-15 16:50:51,817 [INFO] ๐ ะะพะปะปะตะบัะธั: ะะตยะฟะพะดัะพะดะธั (discard_by_employer)
2025-10-15 16:50:53,509 [INFO] ๐ฌ ะ ะบะพะปะปะตะบัะธะธ discard_by_employer โ 20 ะพัะบะปะธะบะพะฒ
2025-10-15 16:50:53,510 [INFO] ๐ ะะพะปะปะตะบัะธั: ะะฐะฝะดะธะดะฐั ะพัะบะฐะทะฐะปัั (discard_by_applicant)
2025-10-15 16:50:54,115 [INFO] ๐ฌ ะ ะบะพะปะปะตะบัะธะธ discard_by_applicant โ 0 ะพัะบะปะธะบะพะฒ
2025-10-15 16:50:54,116 [INFO] ๐ ะะพะปะปะตะบัะธั: ะะตยะฒััะพะดะธั ะฝะฐยัะฒัะทั (discard_no_interaction)
2025-10-15 16:50:54,780 [INFO] ๐ฌ ะ ะบะพะปะปะตะบัะธะธ discard_no_interaction โ 0 ะพัะบะปะธะบะพะฒ
2025-10-15 16:50:54,781 [INFO] ๐ ะะพะปะปะตะบัะธั: ะะฐะบะฐะฝัะธั ะทะฐะบัััะฐ (discard_vacancy_closed)
2025-10-15 16:50:55,561 [INFO] ๐ฌ ะ ะบะพะปะปะตะบัะธะธ discard_vacancy_closed โ 0 ะพัะบะปะธะบะพะฒ
2025-10-15 16:50:55,562 [INFO] ๐ ะะพะปะปะตะบัะธั: ะะตัะตะฒะพะด ะฝะฐยะดั. ะฒะฐะบะฐะฝัะธั (discard_to_other_vacancy)
2025-10-15 16:50:56,115 [INFO] ๐ฌ ะ ะบะพะปะปะตะบัะธะธ discard_to_other_vacancy โ 0 ะพัะบะปะธะบะพะฒ
2025-10-15 16:50:56,115 [INFO] ๐ ะะฐะบะฐะฝัะธั: ะะพะผะพัะฝะธะบ/ะฐััะธััะตะฝั ััะบะพะฒะพะดะธัะตะปั (126053814)
2025-10-15 16:50:56,804 [INFO] ๐ ะะปั ะฒะฐะบะฐะฝัะธะธ 126053814 ะฝะฐะนะดะตะฝะพ 12 ะบะพะปะปะตะบัะธะน
2025-10-15 16:50:56,805 [INFO] ๐ ะะพะปะปะตะบัะธั: ะัะต ะฝะตัะฐะทะพะฑัะฐะฝะฝัะต (response)
2025-10-15 16:50:57,887 [INFO] ๐ฌ ะ ะบะพะปะปะตะบัะธะธ response โ 20 ะพัะบะปะธะบะพะฒ
2025-10-15 16:50:57,889 [INFO] ๐ ะะพะปะปะตะบัะธั: ะะพะดัะผะฐัั (consider)
2025-10-15 16:50:59,055 [INFO] ๐ฌ ะ ะบะพะปะปะตะบัะธะธ consider โ 20 ะพัะบะปะธะบะพะฒ
2025-10-15 16:50:59,057 [INFO] ๐ ะะพะปะปะตะบัะธั: ะะตัะฒะธัะฝัะน ะบะพะฝัะฐะบั (phone_interview)
2025-10-15 16:51:00,364 [INFO] ๐ฌ ะ ะบะพะปะปะตะบัะธะธ phone_interview โ 20 ะพัะบะปะธะบะพะฒ
2025-10-15 16:51:00,365 [INFO] ๐ ะะพะปะปะตะบัะธั: ะขะตััะพะฒะพะต ะทะฐะดะฐะฝะธะต (assessment)
2025-10-15 16:51:00,989 [INFO] ๐ฌ ะ ะบะพะปะปะตะบัะธะธ assessment โ 0 ะพัะบะปะธะบะพะฒ
2025-10-15 16:51:00,990 [INFO] ๐ ะะพะปะปะตะบัะธั: ะกะพะฑะตัะตะดะพะฒะฐะฝะธะต (interview)
2025-10-15 16:51:01,527 [INFO] ๐ฌ ะ ะบะพะปะปะตะบัะธะธ interview โ 0 ะพัะบะปะธะบะพะฒ
2025-10-15 16:51:01,528 [INFO] ๐ ะะพะปะปะตะบัะธั: ะัะตะดะปะพะถะตะฝะธะต ะพ ัะฐะฑะพัะต (offer)
2025-10-15 16:51:02,065 [INFO] ๐ฌ ะ ะบะพะปะปะตะบัะธะธ offer โ 0 ะพัะบะปะธะบะพะฒ
2025-10-15 16:51:02,066 [INFO] ๐ ะะพะปะปะตะบัะธั: ะััะพะด ะฝะฐ ัะฐะฑะพัั (hired)
2025-10-15 16:51:02,680 [INFO] ๐ฌ ะ ะบะพะปะปะตะบัะธะธ hired โ 0 ะพัะบะปะธะบะพะฒ
2025-10-15 16:51:02,681 [INFO] ๐ ะะพะปะปะตะบัะธั: ะะตยะฟะพะดัะพะดะธั (discard_by_employer)
2025-10-15 16:51:03,951 [INFO] ๐ฌ ะ ะบะพะปะปะตะบัะธะธ discard_by_employer โ 20 ะพัะบะปะธะบะพะฒ
2025-10-15 16:51:03,952 [INFO] ๐ ะะพะปะปะตะบัะธั: ะะฐะฝะดะธะดะฐั ะพัะบะฐะทะฐะปัั (discard_by_applicant)
2025-10-15 16:51:04,513 [INFO] ๐ฌ ะ ะบะพะปะปะตะบัะธะธ discard_by_applicant โ 0 ะพัะบะปะธะบะพะฒ
2025-10-15 16:51:04,514 [INFO] ๐ ะะพะปะปะตะบัะธั: ะะตยะฒััะพะดะธั ะฝะฐยัะฒัะทั (discard_no_interaction)
2025-10-15 16:51:05,099 [INFO] ๐ฌ ะ ะบะพะปะปะตะบัะธะธ discard_no_interaction โ 0 ะพัะบะปะธะบะพะฒ
2025-10-15 16:51:05,101 [INFO] ๐ ะะพะปะปะตะบัะธั: ะะฐะบะฐะฝัะธั ะทะฐะบัััะฐ (discard_vacancy_closed)
2025-10-15 16:51:08,072 [INFO] ๐ฌ ะ ะบะพะปะปะตะบัะธะธ discard_vacancy_closed โ 0 ะพัะบะปะธะบะพะฒ
2025-10-15 16:51:08,073 [INFO] ๐ ะะพะปะปะตะบัะธั: ะะตัะตะฒะพะด ะฝะฐยะดั. ะฒะฐะบะฐะฝัะธั (discard_to_other_vacancy)
2025-10-15 16:51:08,687 [INFO] ๐ฌ ะ ะบะพะปะปะตะบัะธะธ discard_to_other_vacancy โ 0 ะพัะบะปะธะบะพะฒ
2025-10-15 16:51:08,689 [INFO] ๐ ะะฐะบะฐะฝัะธั: ะกะฐะดะพะฒะฝะธะบ / ะฟะพะผะพัะฝะธะบ ะฑะธะพะปะพะณะฐ (126559256)
2025-10-15 16:51:09,278 [INFO] ๐ ะะปั ะฒะฐะบะฐะฝัะธะธ 126559256 ะฝะฐะนะดะตะฝะพ 12 ะบะพะปะปะตะบัะธะน
2025-10-15 16:51:09,280 [INFO] ๐ ะะพะปะปะตะบัะธั: ะัะต ะฝะตัะฐะทะพะฑัะฐะฝะฝัะต (response)
2025-10-15 16:51:10,249 [INFO] ๐ฌ ะ ะบะพะปะปะตะบัะธะธ response โ 7 ะพัะบะปะธะบะพะฒ
2025-10-15 16:51:10,249 [INFO] ๐ ะะพะปะปะตะบัะธั: ะะพะดัะผะฐัั (consider)
2025-10-15 16:51:10,803 [INFO] ๐ฌ ะ ะบะพะปะปะตะบัะธะธ consider โ 0 ะพัะบะปะธะบะพะฒ
2025-10-15 16:51:10,804 [INFO] ๐ ะะพะปะปะตะบัะธั: ะะตัะฒะธัะฝัะน ะบะพะฝัะฐะบั (phone_interview)
2025-10-15 16:51:11,370 [INFO] ๐ฌ ะ ะบะพะปะปะตะบัะธะธ phone_interview โ 0 ะพัะบะปะธะบะพะฒ
2025-10-15 16:51:11,371 [INFO] ๐ ะะพะปะปะตะบัะธั: ะขะตััะพะฒะพะต ะทะฐะดะฐะฝะธะต (assessment)
2025-10-15 16:51:11,873 [INFO] ๐ฌ ะ ะบะพะปะปะตะบัะธะธ assessment โ 0 ะพัะบะปะธะบะพะฒ
2025-10-15 16:51:11,875 [INFO] ๐ ะะพะปะปะตะบัะธั: ะกะพะฑะตัะตะดะพะฒะฐะฝะธะต (interview)
2025-10-15 16:51:12,436 [INFO] ๐ฌ ะ ะบะพะปะปะตะบัะธะธ interview โ 0 ะพัะบะปะธะบะพะฒ
2025-10-15 16:51:12,437 [INFO] ๐ ะะพะปะปะตะบัะธั: ะัะตะดะปะพะถะตะฝะธะต ะพ ัะฐะฑะพัะต (offer)
2025-10-15 16:51:12,999 [INFO] ๐ฌ ะ ะบะพะปะปะตะบัะธะธ offer โ 0 ะพัะบะปะธะบะพะฒ
2025-10-15 16:51:13,000 [INFO] ๐ ะะพะปะปะตะบัะธั: ะััะพะด ะฝะฐ ัะฐะฑะพัั (hired)
2025-10-15 16:51:13,617 [INFO] ๐ฌ ะ ะบะพะปะปะตะบัะธะธ hired โ 0 ะพัะบะปะธะบะพะฒ
2025-10-15 16:51:13,618 [INFO] ๐ ะะพะปะปะตะบัะธั: ะะตยะฟะพะดัะพะดะธั (discard_by_employer)
2025-10-15 16:51:14,593 [INFO] ๐ฌ ะ ะบะพะปะปะตะบัะธะธ discard_by_employer โ 2 ะพัะบะปะธะบะพะฒ
2025-10-15 16:51:14,594 [INFO] ๐ ะะพะปะปะตะบัะธั: ะะฐะฝะดะธะดะฐั ะพัะบะฐะทะฐะปัั (discard_by_applicant)
2025-10-15 16:51:15,150 [INFO] ๐ฌ ะ ะบะพะปะปะตะบัะธะธ discard_by_applicant โ 0 ะพัะบะปะธะบะพะฒ
2025-10-15 16:51:15,151 [INFO] ๐ ะะพะปะปะตะบัะธั: ะะตยะฒััะพะดะธั ะฝะฐยัะฒัะทั (discard_no_interaction)
2025-10-15 16:51:15,674 [INFO] ๐ฌ ะ ะบะพะปะปะตะบัะธะธ discard_no_interaction โ 0 ะพัะบะปะธะบะพะฒ
2025-10-15 16:51:15,675 [INFO] ๐ ะะพะปะปะตะบัะธั: ะะฐะบะฐะฝัะธั ะทะฐะบัััะฐ (discard_vacancy_closed)
2025-10-15 16:51:16,302 [INFO] ๐ฌ ะ ะบะพะปะปะตะบัะธะธ discard_vacancy_closed โ 0 ะพัะบะปะธะบะพะฒ
2025-10-15 16:51:16,303 [INFO] ๐ ะะพะปะปะตะบัะธั: ะะตัะตะฒะพะด ะฝะฐยะดั. ะฒะฐะบะฐะฝัะธั (discard_to_other_vacancy)
2025-10-15 16:51:17,037 [INFO] ๐ฌ ะ ะบะพะปะปะตะบัะธะธ discard_to_other_vacancy โ 0 ะพัะบะปะธะบะพะฒ
2025-10-15 16:51:18,323 [INFO] โ ะะฐะฝะฝัะต ัะพััะฐะฝะตะฝั ะฒ logs\hh_data_dump.json
2025-10-15 17:41:26,131 [INFO] ๐ ะะพะปััะฐะตะผ ัะฟะธัะพะบ ะฟะพะปะตะน ัะดะตะปะพะบ Bitrix24...
2025-10-15 17:41:26,132 [INFO] ๐ก ะะฐะฟัะฐัะธะฒะฐะตะผ ะฟะพะปั ัะดะตะปะพะบ: https://b24-my2mzl.bitrix24.ru/rest/1/pwwvoels8jh765h6/crm.deal.fields
2025-10-15 17:41:26,774 [INFO] โ ะะพะปััะตะฝะพ 109 ะฟะพะปะตะน ัะดะตะปะบะธ ะธะท Bitrix
2025-10-15 17:41:26,783 [INFO] ๐พ ะกะฟะธัะพะบ ะฟะพะปะตะน ัะพััะฐะฝัะฝ ะฒ C:\Users\admin\PycharmProjects\PythonProject\data\deal_fields.json
2025-10-20 14:43:33,010 [INFO] ๐ ะะพะปััะฐะตะผ ัะฟะธัะพะบ ะฟะพะปะตะน ัะดะตะปะพะบ Bitrix24...
2025-10-20 14:43:33,012 [INFO] ๐ก ะะฐะฟัะฐัะธะฒะฐะตะผ ะฟะพะปั ัะดะตะปะพะบ: https://b24-my2mzl.bitrix24.ru/rest/1/pwwvoels8jh765h6/crm.deal.fields
2025-10-20 14:43:33,650 [INFO] โ ะะพะปััะตะฝะพ 109 ะฟะพะปะตะน ัะดะตะปะบะธ ะธะท Bitrix
2025-10-20 14:43:33,668 [INFO] ๐พ ะกะฟะธัะพะบ ะฟะพะปะตะน ัะพััะฐะฝัะฝ ะฒ C:\Users\admin\PycharmProjects\PythonProject\bitrix_hh_integration\data\deal_fields.json
2025-10-20 16:07:34,766 [INFO] ๐ ะะพะปััะฐะตะผ ัะฟะธัะพะบ ะฟะพะปะตะน ะบะพะฝัะฐะบัะฐ Bitrix24...
2025-10-20 16:07:34,768 [INFO] ๐ก ะะฐะฟัะฐัะธะฒะฐะตะผ ะฟะพะปั ะบะพะฝัะฐะบัะพะฒ: https://b24-my2mzl.bitrix24.ru/rest/1/pwwvoels8jh765h6/crm.contact.fields
2025-10-20 16:07:35,430 [INFO] โ ะะพะปััะตะฝะพ 113 ะฟะพะปะตะน ะบะพะฝัะฐะบัะฐ
2025-10-20 16:07:35,444 [INFO] ๐พ ะะพะปั ัะพััะฐะฝะตะฝั ะฒ C:\Users\admin\PycharmProjects\PythonProject\data\contact_fields.json
